app/build/intermediates/manifest_merge_blame_file/debug/manifest-merger-blame-debug-report.txt
1<?xml version="1.0" encoding="utf-8"?>
2<manifest xmlns:android="http://schemas.android.com/apk/res/android"
3    package="com.example.myapplication"
4    android:versionCode="1"
5    android:versionName="1.0" >
6
7    <uses-sdk
8        android:minSdkVersion="21"
8-->src/main/AndroidManifest.xml
9        android:targetSdkVersion="32" />
9-->src/main/AndroidManifest.xml
10
11    <uses-permission android:name="android.permission.INTERNET" />
11-->src/main/AndroidManifest.xml:5:5-67
11-->src/main/AndroidManifest.xml:5:22-64
12    <uses-permission android:name="android.permission.ACCESS_NETWORK_STATE" />
12-->src/main/AndroidManifest.xml:6:5-79
12-->src/main/AndroidManifest.xml:6:22-76
13
14    <application
14-->src/main/AndroidManifest.xml:8:5-55:19
15        android:allowBackup="true"
15-->src/main/AndroidManifest.xml:9:9-35
16        android:appComponentFactory="androidx.core.app.CoreComponentFactory"
16-->[androidx.core:core:1.5.0] AndroidManifest.xml:24:18-86
17        android:debuggable="true"
18        android:icon="@mipmap/ic_launcher"
18-->src/main/AndroidManifest.xml:10:9-43
19        android:label="@string/app_name"
19-->src/main/AndroidManifest.xml:11:9-41
20        android:roundIcon="@mipmap/ic_launcher_round"
20-->src/main/AndroidManifest.xml:12:9-54
21        android:supportsRtl="true"
21-->src/main/AndroidManifest.xml:13:9-35
22        android:testOnly="true"
23        android:theme="@style/Theme.MyApplication" >
23-->src/main/AndroidManifest.xml:14:9-51
24        <activity
24-->src/main/AndroidManifest.xml:15:9-17:39
25            android:name="com.example.myapplication.RecyclerViewProfessor.OfficeHourBooking"
25-->src/main/AndroidManifest.xml:16:13-68
26            android:exported="true" />
26-->src/main/AndroidManifest.xml:17:13-36
27        <activity
27-->src/main/AndroidManifest.xml:18:9-20:40
28            android:name="com.example.myapplication.HomePageProfessor"
28-->src/main/AndroidManifest.xml:19:13-46
29            android:exported="false" />
29-->src/main/AndroidManifest.xml:20:13-37
30        <activity
30-->src/main/AndroidManifest.xml:21:9-23:40
31            android:name="com.example.myapplication.ViewCalender"
31-->src/main/AndroidManifest.xml:22:13-41
32            android:exported="false" />
32-->src/main/AndroidManifest.xml:23:13-37
33        <activity
33-->src/main/AndroidManifest.xml:24:9-26:40
34            android:name="com.example.myapplication.Booking"
34-->src/main/AndroidManifest.xml:25:13-36
35            android:exported="false" />
35-->src/main/AndroidManifest.xml:26:13-37
36        <activity
36-->src/main/AndroidManifest.xml:27:9-30:51
37            android:name="com.example.myapplication.RegisterStudent"
37-->src/main/AndroidManifest.xml:28:13-44
38            android:exported="false"
38-->src/main/AndroidManifest.xml:29:13-37
39            android:parentActivityName="com.example.myapplication.Login" />
39-->src/main/AndroidManifest.xml:30:13-48
40        <activity
40-->src/main/AndroidManifest.xml:31:9-33:40
41            android:name="com.example.myapplication.HomePageStudent"
41-->src/main/AndroidManifest.xml:32:13-44
42            android:exported="false" />
42-->src/main/AndroidManifest.xml:33:13-37
43        <activity
43-->src/main/AndroidManifest.xml:34:9-42:20
44            android:name="com.example.myapplication.MainActivity"
44-->src/main/AndroidManifest.xml:35:13-41
45            android:exported="true" >
45-->src/main/AndroidManifest.xml:36:13-36
46            <intent-filter>
46-->src/main/AndroidManifest.xml:37:13-41:29
47                <action android:name="android.intent.action.MAIN" />
47-->src/main/AndroidManifest.xml:38:17-69
47-->src/main/AndroidManifest.xml:38:25-66
48
49                <category android:name="android.intent.category.LAUNCHER" />
49-->src/main/AndroidManifest.xml:40:17-77
49-->src/main/AndroidManifest.xml:40:27-74
50            </intent-filter>
51        </activity>
52        <activity
52-->src/main/AndroidManifest.xml:43:9-46:51
53            android:name="com.example.myapplication.RegisterProfessor"
53-->src/main/AndroidManifest.xml:44:13-46
54            android:exported="true"
54-->src/main/AndroidManifest.xml:45:13-36
55            android:parentActivityName="com.example.myapplication.Login" />
55-->src/main/AndroidManifest.xml:46:13-48
56        <activity
56-->src/main/AndroidManifest.xml:47:9-50:58
57            android:name="com.example.myapplication.Login"
57-->src/main/AndroidManifest.xml:48:13-34
58            android:exported="true"
58-->src/main/AndroidManifest.xml:49:13-36
59            android:parentActivityName="com.example.myapplication.MainActivity" />
59-->src/main/AndroidManifest.xml:50:13-55
60
61        <meta-data
61-->src/main/AndroidManifest.xml:52:9-54:57
62            android:name="preloaded_fonts"
62-->src/main/AndroidManifest.xml:53:13-43
63            android:resource="@array/preloaded_fonts" />
63-->src/main/AndroidManifest.xml:54:13-54
64
65        <activity
65-->[com.google.firebase:firebase-auth:21.0.3] AndroidManifest.xml:27:9-44:20
66            android:name="com.google.firebase.auth.internal.GenericIdpActivity"
66-->[com.google.firebase:firebase-auth:21.0.3] AndroidManifest.xml:28:13-80
67            android:excludeFromRecents="true"
67-->[com.google.firebase:firebase-auth:21.0.3] AndroidManifest.xml:29:13-46
68            android:exported="true"
68-->[com.google.firebase:firebase-auth:21.0.3] AndroidManifest.xml:30:13-36
69            android:launchMode="singleTask"
69-->[com.google.firebase:firebase-auth:21.0.3] AndroidManifest.xml:31:13-44
70            android:theme="@android:style/Theme.Translucent.NoTitleBar" >
70-->[com.google.firebase:firebase-auth:21.0.3] AndroidManifest.xml:32:13-72
71            <intent-filter>
71-->[com.google.firebase:firebase-auth:21.0.3] AndroidManifest.xml:33:13-43:29
72                <action android:name="android.intent.action.VIEW" />
72-->[com.google.firebase:firebase-auth:21.0.3] AndroidManifest.xml:34:17-69
72-->[com.google.firebase:firebase-auth:21.0.3] AndroidManifest.xml:34:25-66
73
74                <category android:name="android.intent.category.DEFAULT" />
74-->[com.google.firebase:firebase-auth:21.0.3] AndroidManifest.xml:36:17-76
74-->[com.google.firebase:firebase-auth:21.0.3] AndroidManifest.xml:36:27-73
75                <category android:name="android.intent.category.BROWSABLE" />
75-->[com.google.firebase:firebase-auth:21.0.3] AndroidManifest.xml:37:17-78
75-->[com.google.firebase:firebase-auth:21.0.3] AndroidManifest.xml:37:27-75
76
77                <data
77-->[com.google.firebase:firebase-auth:21.0.3] AndroidManifest.xml:39:17-42:51
78                    android:host="firebase.auth"
78-->[com.google.firebase:firebase-auth:21.0.3] AndroidManifest.xml:40:21-49
79                    android:path="/"
79-->[com.google.firebase:firebase-auth:21.0.3] AndroidManifest.xml:41:21-37
80                    android:scheme="genericidp" />
80-->[com.google.firebase:firebase-auth:21.0.3] AndroidManifest.xml:42:21-48
81            </intent-filter>
82        </activity>
83        <activity
83-->[com.google.firebase:firebase-auth:21.0.3] AndroidManifest.xml:45:9-62:20
84            android:name="com.google.firebase.auth.internal.RecaptchaActivity"
84-->[com.google.firebase:firebase-auth:21.0.3] AndroidManifest.xml:46:13-79
85            android:excludeFromRecents="true"
85-->[com.google.firebase:firebase-auth:21.0.3] AndroidManifest.xml:47:13-46
86            android:exported="true"
86-->[com.google.firebase:firebase-auth:21.0.3] AndroidManifest.xml:48:13-36
87            android:launchMode="singleTask"
87-->[com.google.firebase:firebase-auth:21.0.3] AndroidManifest.xml:49:13-44
88            android:theme="@android:style/Theme.Translucent.NoTitleBar" >
88-->[com.google.firebase:firebase-auth:21.0.3] AndroidManifest.xml:50:13-72
89            <intent-filter>
89-->[com.google.firebase:firebase-auth:21.0.3] AndroidManifest.xml:51:13-61:29
90                <action android:name="android.intent.action.VIEW" />
90-->[com.google.firebase:firebase-auth:21.0.3] AndroidManifest.xml:34:17-69
90-->[com.google.firebase:firebase-auth:21.0.3] AndroidManifest.xml:34:25-66
91
92                <category android:name="android.intent.category.DEFAULT" />
92-->[com.google.firebase:firebase-auth:21.0.3] AndroidManifest.xml:36:17-76
92-->[com.google.firebase:firebase-auth:21.0.3] AndroidManifest.xml:36:27-73
93                <category android:name="android.intent.category.BROWSABLE" />
93-->[com.google.firebase:firebase-auth:21.0.3] AndroidManifest.xml:37:17-78
93-->[com.google.firebase:firebase-auth:21.0.3] AndroidManifest.xml:37:27-75
94
95                <data
95-->[com.google.firebase:firebase-auth:21.0.3] AndroidManifest.xml:39:17-42:51
96                    android:host="firebase.auth"
96-->[com.google.firebase:firebase-auth:21.0.3] AndroidManifest.xml:40:21-49
97                    android:path="/"
97-->[com.google.firebase:firebase-auth:21.0.3] AndroidManifest.xml:41:21-37
98                    android:scheme="recaptcha" />
98-->[com.google.firebase:firebase-auth:21.0.3] AndroidManifest.xml:42:21-48
99            </intent-filter>
100        </activity>
101
102        <service
102-->[com.google.firebase:firebase-auth:21.0.3] AndroidManifest.xml:64:9-70:19
103            android:name="com.google.firebase.components.ComponentDiscoveryService"
103-->[com.google.firebase:firebase-auth:21.0.3] AndroidManifest.xml:65:13-84
104            android:directBootAware="true"
104-->[com.google.firebase:firebase-common:20.1.0] AndroidManifest.xml:35:13-43
105            android:exported="false" >
105-->[com.google.firebase:firebase-auth:21.0.3] AndroidManifest.xml:66:13-37
106            <meta-data
106-->[com.google.firebase:firebase-auth:21.0.3] AndroidManifest.xml:67:13-69:85
107                android:name="com.google.firebase.components:com.google.firebase.auth.FirebaseAuthRegistrar"
107-->[com.google.firebase:firebase-auth:21.0.3] AndroidManifest.xml:68:17-109
108                android:value="com.google.firebase.components.ComponentRegistrar" />
108-->[com.google.firebase:firebase-auth:21.0.3] AndroidManifest.xml:69:17-82
109            <meta-data
109-->[com.google.firebase:firebase-database:20.0.4] AndroidManifest.xml:32:13-34:85
110                android:name="com.google.firebase.components:com.google.firebase.database.DatabaseRegistrar"
110-->[com.google.firebase:firebase-database:20.0.4] AndroidManifest.xml:33:17-109
111                android:value="com.google.firebase.components.ComponentRegistrar" />
111-->[com.google.firebase:firebase-database:20.0.4] AndroidManifest.xml:34:17-82
112            <meta-data
112-->[com.google.firebase:firebase-firestore:24.1.1] AndroidManifest.xml:20:13-22:85
113                android:name="com.google.firebase.components:com.google.firebase.firestore.FirestoreRegistrar"
113-->[com.google.firebase:firebase-firestore:24.1.1] AndroidManifest.xml:21:17-111
114                android:value="com.google.firebase.components.ComponentRegistrar" />
114-->[com.google.firebase:firebase-firestore:24.1.1] AndroidManifest.xml:22:17-82
115        </service>
116
117        <provider
117-->[com.google.firebase:firebase-common:20.1.0] AndroidManifest.xml:26:9-31:39
118            android:name="com.google.firebase.provider.FirebaseInitProvider"
118-->[com.google.firebase:firebase-common:20.1.0] AndroidManifest.xml:27:13-77
119            android:authorities="com.example.myapplication.firebaseinitprovider"
119-->[com.google.firebase:firebase-common:20.1.0] AndroidManifest.xml:28:13-72
120            android:directBootAware="true"
120-->[com.google.firebase:firebase-common:20.1.0] AndroidManifest.xml:29:13-43
121            android:exported="false"
121-->[com.google.firebase:firebase-common:20.1.0] AndroidManifest.xml:30:13-37
122            android:initOrder="100" />
122-->[com.google.firebase:firebase-common:20.1.0] AndroidManifest.xml:31:13-36
123
124        <activity
124-->[com.google.android.gms:play-services-base:18.0.1] AndroidManifest.xml:20:9-22:45
125            android:name="com.google.android.gms.common.api.GoogleApiActivity"
125-->[com.google.android.gms:play-services-base:18.0.1] AndroidManifest.xml:20:19-85
126            android:exported="false"
126-->[com.google.android.gms:play-services-base:18.0.1] AndroidManifest.xml:22:19-43
127            android:theme="@android:style/Theme.Translucent.NoTitleBar" />
127-->[com.google.android.gms:play-services-base:18.0.1] AndroidManifest.xml:21:19-78
128
129        <meta-data
129-->[com.google.android.gms:play-services-basement:18.0.0] AndroidManifest.xml:21:9-23:69
130            android:name="com.google.android.gms.version"
130-->[com.google.android.gms:play-services-basement:18.0.0] AndroidManifest.xml:22:13-58
131            android:value="@integer/google_play_services_version" />
131-->[com.google.android.gms:play-services-basement:18.0.0] AndroidManifest.xml:23:13-66
132
133        <uses-library
133-->[androidx.window:window:1.0.0] AndroidManifest.xml:25:9-27:40
134            android:name="androidx.window.extensions"
134-->[androidx.window:window:1.0.0] AndroidManifest.xml:26:13-54
135            android:required="false" />
135-->[androidx.window:window:1.0.0] AndroidManifest.xml:27:13-37
136        <uses-library
136-->[androidx.window:window:1.0.0] AndroidManifest.xml:28:9-30:40
137            android:name="androidx.window.sidecar"
137-->[androidx.window:window:1.0.0] AndroidManifest.xml:29:13-51
138            android:required="false" />
138-->[androidx.window:window:1.0.0] AndroidManifest.xml:30:13-37
139    </application>
140
141</manifest>